# JRE version: Java(TM) SE Runtime Environment (17.0.8+9) (build 17.0.8+9-LTS-211)
# Java VM: Java HotSpot(TM) 64-Bit Server VM (17.0.8+9-LTS-211, mixed mode, sharing, tiered, compressed oops, compressed class ptrs, g1 gc, windows-amd64)
GC Precious Log:
 CPUs: 8 total, 8 available
 Memory: 7834M
 Large Page Support: Disabled
 NUMA Support: Disabled
 Compressed Oops: Enabled (32-bit)
 Heap Region Size: 1M
 Heap Min Capacity: 8M
 Heap Initial Capacity: 124M
 Heap Max Capacity: 1960M
 Pre-touch: Disabled
 Parallel Workers: 8
 Concurrent Workers: 2
 Concurrent Refinement Workers: 8
 Periodic GC: Disabled
Heap:
 garbage-first heap   total 48128K, used 17353K [0x0000000085800000, 0x0000000100000000)
  region size 1024K, 4 young (4096K), 3 survivors (3072K)
 Metaspace       used 32028K, committed 32512K, reserved 1114112K
  class space    used 3989K, committed 4224K, reserved 1048576K
GC Heap History (12 events):
Event: 2.432 GC heap before
{Heap before GC invocations=0 (full 0):
 garbage-first heap   total 126976K, used 22528K [0x0000000085800000, 0x0000000100000000)
  region size 1024K, 23 young (23552K), 0 survivors (0K)
 Metaspace       used 6803K, committed 7040K, reserved 1114112K
  class space    used 766K, committed 896K, reserved 1048576K
}
Event: 2.443 GC heap after
{Heap after GC invocations=1 (full 0):
 garbage-first heap   total 126976K, used 7884K [0x0000000085800000, 0x0000000100000000)
  region size 1024K, 3 young (3072K), 3 survivors (3072K)
 Metaspace       used 6803K, committed 7040K, reserved 1114112K
  class space    used 766K, committed 896K, reserved 1048576K
}
Event: 3.026 GC heap before
{Heap before GC invocations=1 (full 0):
 garbage-first heap   total 126976K, used 30412K [0x0000000085800000, 0x0000000100000000)
  region size 1024K, 26 young (26624K), 3 survivors (3072K)
 Metaspace       used 11782K, committed 12032K, reserved 1114112K
  class space    used 1357K, committed 1472K, reserved 1048576K
}
Event: 3.037 GC heap after
{Heap after GC invocations=2 (full 0):
 garbage-first heap   total 126976K, used 9729K [0x0000000085800000, 0x0000000100000000)
  region size 1024K, 2 young (2048K), 2 survivors (2048K)
 Metaspace       used 11782K, committed 12032K, reserved 1114112K
  class space    used 1357K, committed 1472K, reserved 1048576K
}
Event: 6.426 GC heap before
{Heap before GC invocations=2 (full 0):
 garbage-first heap   total 126976K, used 45569K [0x0000000085800000, 0x0000000100000000)
  region size 1024K, 38 young (38912K), 2 survivors (2048K)
 Metaspace       used 21188K, committed 21504K, reserved 1114112K
  class space    used 2609K, committed 2752K, reserved 1048576K
}
Event: 6.441 GC heap after
{Heap after GC invocations=3 (full 0):
 garbage-first heap   total 126976K, used 13117K [0x0000000085800000, 0x0000000100000000)
  region size 1024K, 5 young (5120K), 5 survivors (5120K)
 Metaspace       used 21188K, committed 21504K, reserved 1114112K
  class space    used 2609K, committed 2752K, reserved 1048576K
}
Event: 13.913 GC heap before
{Heap before GC invocations=4 (full 0):
 garbage-first heap   total 48128K, used 35645K [0x0000000085800000, 0x0000000100000000)
  region size 1024K, 28 young (28672K), 5 survivors (5120K)
 Metaspace       used 28987K, committed 29376K, reserved 1114112K
  class space    used 3630K, committed 3840K, reserved 1048576K
}
Event: 13.921 GC heap after
{Heap after GC invocations=5 (full 0):
 garbage-first heap   total 48128K, used 15559K [0x0000000085800000, 0x0000000100000000)
  region size 1024K, 3 young (3072K), 3 survivors (3072K)
 Metaspace       used 28987K, committed 29376K, reserved 1114112K
  class space    used 3630K, committed 3840K, reserved 1048576K
}
Event: 14.672 GC heap before
{Heap before GC invocations=5 (full 0):
 garbage-first heap   total 48128K, used 16583K [0x0000000085800000, 0x0000000100000000)
  region size 1024K, 4 young (4096K), 3 survivors (3072K)
 Metaspace       used 29160K, committed 29632K, reserved 1114112K
  class space    used 3642K, committed 3840K, reserved 1048576K
}
Event: 14.676 GC heap after
{Heap after GC invocations=6 (full 0):
 garbage-first heap   total 48128K, used 15739K [0x0000000085800000, 0x0000000100000000)
  region size 1024K, 1 young (1024K), 1 survivors (1024K)
 Metaspace       used 29160K, committed 29632K, reserved 1114112K
  class space    used 3642K, committed 3840K, reserved 1048576K
}
Event: 43.949 GC heap before
{Heap before GC invocations=6 (full 0):
 garbage-first heap   total 48128K, used 31099K [0x0000000085800000, 0x0000000100000000)
  region size 1024K, 17 young (17408K), 1 survivors (1024K)
 Metaspace       used 29784K, committed 30272K, reserved 1114112K
  class space    used 3668K, committed 3904K, reserved 1048576K
}
Event: 43.951 GC heap after
{Heap after GC invocations=7 (full 0):
 garbage-first heap   total 48128K, used 16582K [0x0000000085800000, 0x0000000100000000)
  region size 1024K, 2 young (2048K), 2 survivors (2048K)
 Metaspace       used 29784K, committed 30272K, reserved 1114112K
  class space    used 3668K, committed 3904K, reserved 1048576K
}

