# JRE version: Java(TM) SE Runtime Environment (17.0.8+9) (build 17.0.8+9-LTS-211)
# Java VM: Java HotSpot(TM) 64-Bit Server VM (17.0.8+9-LTS-211, mixed mode, sharing, tiered, compressed oops, compressed class ptrs, g1 gc, windows-amd64)
GC Precious Log:
 CPUs: 8 total, 8 available
 Memory: 7834M
 Large Page Support: Disabled
 NUMA Support: Disabled
 Compressed Oops: Enabled (32-bit)
 Heap Region Size: 1M
 Heap Min Capacity: 8M
 Heap Initial Capacity: 124M
 Heap Max Capacity: 1960M
 Pre-touch: Disabled
 Parallel Workers: 8
 Concurrent Workers: 2
 Concurrent Refinement Workers: 8
 Periodic GC: Disabled
Heap:
 garbage-first heap   total 126976K, used 30765K [0x0000000085800000, 0x0000000100000000)
  region size 1024K, 4 young (4096K), 4 survivors (4096K)
 Metaspace       used 49160K, committed 49664K, reserved 1114112K
  class space    used 5947K, committed 6208K, reserved 1048576K
GC Heap History (20 events):
Event: 41.095 GC heap after
{Heap after GC invocations=9 (full 0):
 garbage-first heap   total 51200K, used 21925K [0x0000000085800000, 0x0000000100000000)
  region size 1024K, 1 young (1024K), 1 survivors (1024K)
 Metaspace       used 29475K, committed 29952K, reserved 1114112K
  class space    used 3671K, committed 3904K, reserved 1048576K
}
Event: 41.127 GC heap before
{Heap before GC invocations=9 (full 0):
 garbage-first heap   total 51200K, used 24997K [0x0000000085800000, 0x0000000100000000)
  region size 1024K, 2 young (2048K), 1 survivors (1024K)
 Metaspace       used 29475K, committed 29952K, reserved 1114112K
  class space    used 3671K, committed 3904K, reserved 1048576K
}
Event: 41.128 GC heap after
{Heap after GC invocations=10 (full 0):
 garbage-first heap   total 51200K, used 22936K [0x0000000085800000, 0x0000000100000000)
  region size 1024K, 1 young (1024K), 1 survivors (1024K)
 Metaspace       used 29475K, committed 29952K, reserved 1114112K
  class space    used 3671K, committed 3904K, reserved 1048576K
}
Event: 41.131 GC heap before
{Heap before GC invocations=10 (full 0):
 garbage-first heap   total 51200K, used 24984K [0x0000000085800000, 0x0000000100000000)
  region size 1024K, 2 young (2048K), 1 survivors (1024K)
 Metaspace       used 29483K, committed 29952K, reserved 1114112K
  class space    used 3672K, committed 3904K, reserved 1048576K
}
Event: 41.132 GC heap after
{Heap after GC invocations=11 (full 0):
 garbage-first heap   total 79872K, used 17820K [0x0000000085800000, 0x0000000100000000)
  region size 1024K, 1 young (1024K), 1 survivors (1024K)
 Metaspace       used 29483K, committed 29952K, reserved 1114112K
  class space    used 3672K, committed 3904K, reserved 1048576K
}
Event: 131.873 GC heap before
{Heap before GC invocations=11 (full 0):
 garbage-first heap   total 79872K, used 43420K [0x0000000085800000, 0x0000000100000000)
  region size 1024K, 10 young (10240K), 1 survivors (1024K)
 Metaspace       used 29707K, committed 30144K, reserved 1114112K
  class space    used 3691K, committed 3904K, reserved 1048576K
}
Event: 131.883 GC heap after
{Heap after GC invocations=12 (full 0):
 garbage-first heap   total 79872K, used 20971K [0x0000000085800000, 0x0000000100000000)
  region size 1024K, 1 young (1024K), 1 survivors (1024K)
 Metaspace       used 29707K, committed 30144K, reserved 1114112K
  class space    used 3691K, committed 3904K, reserved 1048576K
}
Event: 190.052 GC heap before
{Heap before GC invocations=12 (full 0):
 garbage-first heap   total 79872K, used 74219K [0x0000000085800000, 0x0000000100000000)
  region size 1024K, 39 young (39936K), 1 survivors (1024K)
 Metaspace       used 33643K, committed 34176K, reserved 1114112K
  class space    used 4164K, committed 4416K, reserved 1048576K
}
Event: 190.582 GC heap after
{Heap after GC invocations=13 (full 0):
 garbage-first heap   total 79872K, used 18406K [0x0000000085800000, 0x0000000100000000)
  region size 1024K, 4 young (4096K), 4 survivors (4096K)
 Metaspace       used 33643K, committed 34176K, reserved 1114112K
  class space    used 4164K, committed 4416K, reserved 1048576K
}
Event: 192.115 GC heap before
{Heap before GC invocations=13 (full 0):
 garbage-first heap   total 79872K, used 24550K [0x0000000085800000, 0x0000000100000000)
  region size 1024K, 12 young (12288K), 4 survivors (4096K)
 Metaspace       used 35511K, committed 35968K, reserved 1114112K
  class space    used 4370K, committed 4544K, reserved 1048576K
}
Event: 192.143 GC heap after
{Heap after GC invocations=14 (full 0):
 garbage-first heap   total 79872K, used 19758K [0x0000000085800000, 0x0000000100000000)
  region size 1024K, 2 young (2048K), 2 survivors (2048K)
 Metaspace       used 35511K, committed 35968K, reserved 1114112K
  class space    used 4370K, committed 4544K, reserved 1048576K
}
Event: 194.534 GC heap before
{Heap before GC invocations=15 (full 0):
 garbage-first heap   total 75776K, used 41262K [0x0000000085800000, 0x0000000100000000)
  region size 1024K, 24 young (24576K), 2 survivors (2048K)
 Metaspace       used 37200K, committed 37632K, reserved 1114112K
  class space    used 4551K, committed 4736K, reserved 1048576K
}
Event: 194.564 GC heap after
{Heap after GC invocations=16 (full 0):
 garbage-first heap   total 75776K, used 27437K [0x0000000085800000, 0x0000000100000000)
  region size 1024K, 3 young (3072K), 3 survivors (3072K)
 Metaspace       used 37200K, committed 37632K, reserved 1114112K
  class space    used 4551K, committed 4736K, reserved 1048576K
}
Event: 194.592 GC heap before
{Heap before GC invocations=16 (full 0):
 garbage-first heap   total 75776K, used 28461K [0x0000000085800000, 0x0000000100000000)
  region size 1024K, 4 young (4096K), 3 survivors (3072K)
 Metaspace       used 37200K, committed 37632K, reserved 1114112K
  class space    used 4551K, committed 4736K, reserved 1048576K
}
Event: 194.645 GC heap after
{Heap after GC invocations=17 (full 0):
 garbage-first heap   total 75776K, used 27507K [0x0000000085800000, 0x0000000100000000)
  region size 1024K, 1 young (1024K), 1 survivors (1024K)
 Metaspace       used 37200K, committed 37632K, reserved 1114112K
  class space    used 4551K, committed 4736K, reserved 1048576K
}
Event: 199.498 GC heap before
{Heap before GC invocations=17 (full 0):
 garbage-first heap   total 75776K, used 51059K [0x0000000085800000, 0x0000000100000000)
  region size 1024K, 25 young (25600K), 1 survivors (1024K)
 Metaspace       used 42887K, committed 43456K, reserved 1114112K
  class space    used 5156K, committed 5440K, reserved 1048576K
}
Event: 199.505 GC heap after
{Heap after GC invocations=18 (full 0):
 garbage-first heap   total 75776K, used 29184K [0x0000000085800000, 0x0000000100000000)
  region size 1024K, 3 young (3072K), 3 survivors (3072K)
 Metaspace       used 42887K, committed 43456K, reserved 1114112K
  class space    used 5156K, committed 5440K, reserved 1048576K
}
Event: 199.798 GC heap before
{Heap before GC invocations=18 (full 0):
 garbage-first heap   total 75776K, used 41472K [0x0000000085800000, 0x0000000100000000)
  region size 1024K, 10 young (10240K), 3 survivors (3072K)
 Metaspace       used 43155K, committed 43648K, reserved 1114112K
  class space    used 5184K, committed 5440K, reserved 1048576K
}
Event: 199.802 GC heap after
{Heap after GC invocations=19 (full 0):
 garbage-first heap   total 75776K, used 32374K [0x0000000085800000, 0x0000000100000000)
  region size 1024K, 3 young (3072K), 3 survivors (3072K)
 Metaspace       used 43155K, committed 43648K, reserved 1114112K
  class space    used 5184K, committed 5440K, reserved 1048576K
}
Event: 203.924 GC heap before
{Heap before GC invocations=19 (full 0):
 garbage-first heap   total 75776K, used 56950K [0x0000000085800000, 0x0000000100000000)
  region size 1024K, 26 young (26624K), 3 survivors (3072K)
 Metaspace       used 49160K, committed 49664K, reserved 1114112K
  class space    used 5947K, committed 6208K, reserved 1048576K
}

